SF:lib\app\data\datasources\api\endpoints\gencko_endpoints.dart
DA:7,6
DA:9,1
DA:10,3
DA:15,1
DA:20,4
DA:26,1
DA:31,3
DA:41,1
DA:45,2
DA:47,1
LF:10
LH:10
end_of_record
SF:lib\app\data\datasources\get_chart_config_datasource.dart
DA:7,4
DA:8,8
DA:9,8
DA:10,8
DA:11,12
DA:14,4
DA:16,12
DA:17,8
DA:18,12
DA:20,4
DA:24,4
DA:27,4
LF:12
LH:12
end_of_record
SF:lib\app\domain\entities\chart_config_entity.dart
DA:10,11
LF:1
LH:1
end_of_record
SF:lib\app\data\repositories\coin_prices_repository_imp.dart
DA:9,7
DA:11,2
DA:14,2
DA:17,4
DA:18,4
DA:20,6
DA:21,10
DA:22,2
LF:8
LH:8
end_of_record
SF:lib\app\domain\entities\coins_view_data.dart
DA:12,20
LF:1
LH:1
end_of_record
SF:lib\app\domain\entities\exchange_entity.dart
DA:11,7
LF:1
LH:1
end_of_record
SF:lib\app\data\models\chart_config.dart
DA:6,1
DA:12,1
LF:2
LH:2
end_of_record
SF:lib\app\data\models\coin_response.dart
DA:15,6
DA:24,4
DA:25,4
DA:27,2
LF:4
LH:4
end_of_record
SF:lib\app\data\models\coin_response.g.dart
DA:9,8
DA:10,4
DA:11,4
DA:12,4
DA:13,4
DA:14,12
DA:15,8
DA:18,1
DA:19,1
DA:20,1
DA:21,1
DA:22,1
DA:23,1
DA:24,1
DA:25,1
LF:15
LH:15
end_of_record
SF:lib\app\data\models\get_all_coins_response.dart
DA:11,5
DA:13,2
LF:2
LH:2
end_of_record
SF:lib\app\data\models\get_all_coins_response.g.dart
DA:16,1
DA:18,1
DA:19,1
LF:3
LH:3
end_of_record
SF:lib\app\data\repositories\chart_config_repository_imp.dart
DA:10,8
DA:11,3
DA:13,6
LF:3
LH:3
end_of_record
SF:lib\app\data\repositories\coin_repository_imp.dart
DA:9,3
DA:11,3
DA:13,6
DA:14,2
DA:15,10
LF:5
LH:5
end_of_record
SF:lib\app\data\repositories\wallet_repository_imp.dart
DA:11,3
DA:15,3
DA:18,6
DA:20,2
DA:21,10
LF:5
LH:5
end_of_record
SF:lib\app\domain\usecases\convert_coin_usecase.dart
DA:14,2
DA:21,10
DA:23,10
DA:24,4
DA:26,2
DA:30,4
DA:31,2
DA:32,4
LF:8
LH:8
end_of_record
SF:lib\app\domain\usecases\get_all_coins_usecase.dart
DA:12,2
DA:14,2
DA:16,4
DA:18,1
LF:4
LH:4
end_of_record
SF:lib\app\data\models\coin_mapper.dart
DA:5,2
DA:6,2
DA:7,6
DA:8,2
DA:9,2
DA:10,2
DA:11,2
DA:12,2
DA:13,2
DA:15,2
LF:10
LH:10
end_of_record
SF:lib\app\domain\usecases\get_chart_config_usecase.dart
DA:13,8
DA:14,8
DA:16,8
DA:17,6
DA:19,12
LF:5
LH:5
end_of_record
SF:lib\app\domain\usecases\get_coin_prices_usecase.dart
DA:16,8
DA:17,3
DA:22,6
LF:3
LH:3
end_of_record
SF:lib\app\domain\usecases\get_wallet_usecase.dart
DA:15,2
DA:17,2
DA:20,4
DA:21,1
DA:22,1
DA:23,2
DA:25,6
DA:26,2
DA:27,4
DA:29,1
DA:30,1
DA:31,1
DA:32,1
DA:33,1
DA:34,1
LF:15
LH:15
end_of_record
SF:lib\app\presenter\controllers\notifiers\get_chart_config_notifier.dart
DA:10,7
DA:11,14
DA:13,2
DA:14,6
LF:4
LH:4
end_of_record
SF:lib\l10n\core_strings.dart
DA:63,60
DA:67,17
DA:68,17
DA:296,22
DA:298,20
DA:300,40
DA:303,20
DA:304,60
DA:306,1
DA:310,20
DA:314,20
DA:315,39
DA:316,3
DA:319,2
LF:14
LH:14
end_of_record
SF:lib\l10n\core_strings_en.dart
DA:5,38
DA:7,6
DA:10,6
DA:13,7
DA:16,7
DA:19,4
DA:22,5
DA:25,3
DA:28,3
DA:31,3
DA:34,2
DA:37,3
DA:40,3
DA:43,5
DA:46,4
DA:49,4
DA:52,3
DA:55,3
DA:58,3
DA:61,3
DA:64,3
DA:67,3
DA:70,3
DA:73,3
DA:76,3
DA:79,7
DA:82,4
DA:85,4
DA:88,4
DA:91,4
DA:94,4
DA:97,4
DA:100,4
DA:103,4
LF:34
LH:34
end_of_record
SF:lib\l10n\core_strings_pt.dart
DA:5,2
DA:7,1
DA:10,1
DA:13,1
DA:16,1
DA:19,1
DA:22,1
DA:25,1
DA:28,1
DA:31,1
DA:34,1
DA:37,1
DA:40,1
DA:43,1
DA:46,1
DA:49,1
DA:52,1
DA:55,1
DA:58,1
DA:61,1
DA:64,1
DA:67,1
DA:70,1
DA:73,1
DA:76,1
DA:79,1
DA:82,1
DA:85,1
DA:88,1
DA:91,1
DA:94,1
DA:97,1
DA:100,1
DA:103,1
LF:34
LH:34
end_of_record
SF:lib\app\presenter\controllers\notifiers\get_coin_prices_notifier.dart
DA:8,21
DA:10,2
DA:14,6
LF:3
LH:3
end_of_record
SF:lib\app\presenter\controllers\providers\conversion_provider.dart
DA:8,8
DA:10,6
DA:11,2
DA:14,6
DA:15,2
DA:18,6
DA:19,2
DA:22,3
DA:23,2
DA:28,1
DA:32,3
DA:33,1
DA:34,1
DA:38,9
DA:39,6
LF:15
LH:15
end_of_record
SF:lib\app\data\datasources\api\endpoint_provider.dart
DA:6,26
DA:7,10
DA:10,5
LF:3
LH:3
end_of_record
SF:lib\app\presenter\controllers\providers\get_all_coins_provider.dart
DA:8,4
DA:9,3
DA:12,3
DA:13,1
DA:14,3
DA:18,54
DA:19,1
DA:20,3
LF:8
LH:8
end_of_record
SF:lib\app\presenter\controllers\providers\get_coins_wallet_provider.dart
DA:9,3
DA:10,1
DA:12,3
DA:13,2
DA:14,1
DA:15,1
DA:16,1
DA:17,1
DA:18,1
DA:19,1
DA:20,1
DA:24,4
DA:25,3
DA:28,3
DA:29,1
DA:30,3
DA:34,54
DA:35,1
DA:36,3
DA:37,4
LF:20
LH:20
end_of_record
SF:lib\app\presenter\controllers\providers\providers.dart
DA:6,3
DA:7,2
DA:8,1
DA:9,1
DA:14,1
LF:5
LH:5
end_of_record
SF:lib\app\presenter\ui\shared\app_routes.dart
DA:8,2
DA:9,4
DA:10,1
DA:11,1
DA:15,4
DA:16,1
DA:17,1
DA:22,4
DA:23,2
DA:24,2
LF:10
LH:10
end_of_record
SF:lib\app\presenter\ui\shared\home.dart
DA:13,55
DA:16,5
DA:18,5
DA:22,1
DA:24,1
DA:25,1
DA:30,1
DA:31,1
DA:36,1
DA:37,1
DA:44,5
DA:45,5
DA:46,5
DA:47,10
DA:51,5
DA:52,10
DA:56,5
DA:57,10
LF:18
LH:18
end_of_record
SF:lib\app\presenter\ui\available\view\available_page.dart
DA:13,20
DA:19,2
DA:22,8
DA:23,2
DA:25,6
DA:26,2
DA:27,2
DA:28,2
DA:29,2
DA:30,2
DA:32,2
DA:33,2
DA:34,2
DA:35,2
LF:14
LH:14
end_of_record
SF:lib\app\presenter\ui\available\widgets\available_card_coin.dart
DA:8,4
DA:12,2
DA:14,2
DA:15,6
DA:17,2
DA:18,6
DA:19,1
DA:20,2
DA:21,2
DA:22,2
DA:24,2
DA:26,2
DA:27,2
DA:28,2
DA:31,2
DA:32,4
DA:35,2
DA:37,2
DA:38,6
DA:40,6
DA:44,2
DA:46,2
DA:48,2
DA:49,2
DA:50,10
DA:54,2
DA:58,2
DA:59,2
DA:60,2
DA:61,2
DA:62,2
DA:63,2
DA:64,6
LF:33
LH:33
end_of_record
SF:lib\app\presenter\controllers\providers\chart_config_provider.dart
DA:10,18
DA:11,12
DA:14,18
DA:15,24
DA:18,18
DA:19,24
DA:21,12
DA:22,6
DA:23,6
DA:24,6
DA:25,24
LF:11
LH:11
end_of_record
SF:lib\app\presenter\controllers\providers\coin_prices_provider.dart
DA:9,23
DA:10,15
DA:13,24
DA:14,18
DA:17,12
DA:18,12
DA:19,18
LF:7
LH:7
end_of_record
SF:lib\app\presenter\controllers\providers\visible_provider.dart
DA:3,20
LF:1
LH:1
end_of_record
SF:lib\app\presenter\ui\portfolio\view\portfolio_page.dart
DA:12,19
DA:14,1
DA:18,2
DA:20,2
DA:22,6
DA:23,10
LF:6
LH:6
end_of_record
SF:lib\app\presenter\ui\shared\custom_app_bar.dart
DA:6,6
DA:9,6
DA:12,6
DA:15,6
DA:17,6
DA:21,12
LF:6
LH:6
end_of_record
SF:lib\app\presenter\ui\shared\formater.dart
DA:3,24
DA:4,12
DA:6,6
LF:3
LH:3
end_of_record
SF:lib\app\presenter\ui\shared\styles.dart
DA:3,5
DA:4,5
DA:6,5
LF:3
LH:3
end_of_record
SF:lib\app\presenter\ui\conversion\view\conversion_page.dart
DA:15,2
DA:20,1
DA:22,2
DA:25,2
DA:26,1
DA:27,1
DA:28,0
DA:29,0
DA:30,0
DA:31,0
DA:34,0
DA:35,0
DA:40,1
DA:41,3
DA:42,2
DA:43,1
DA:44,1
DA:45,2
DA:46,1
DA:48,1
DA:50,1
DA:52,1
DA:53,4
DA:54,1
DA:56,1
DA:57,1
DA:58,2
DA:61,1
DA:62,7
DA:71,1
DA:73,2
DA:74,1
DA:75,2
DA:79,1
DA:81,1
DA:82,1
DA:85,1
DA:86,1
DA:87,1
DA:91,2
DA:92,1
DA:93,2
DA:96,1
DA:97,4
DA:107,1
DA:109,2
DA:115,1
DA:117,1
LF:48
LH:42
end_of_record
SF:lib\app\presenter\ui\conversion\widgets\amount_form_field.dart
DA:13,2
DA:16,2
DA:20,2
DA:23,2
DA:25,2
DA:26,2
DA:28,2
DA:29,2
DA:30,2
DA:36,2
DA:39,2
DA:40,8
DA:43,2
DA:44,8
DA:48,1
DA:49,4
DA:50,3
DA:51,1
DA:52,0
DA:54,4
DA:55,4
DA:57,0
DA:59,3
DA:60,0
DA:65,2
DA:66,2
DA:67,2
DA:68,4
DA:69,8
DA:75,2
DA:77,10
DA:78,10
LF:32
LH:29
end_of_record
SF:lib\app\presenter\ui\conversion\widgets\exchange_botton_sheet.dart
DA:12,3
DA:13,2
DA:14,1
DA:19,1
DA:21,1
DA:26,1
DA:28,1
DA:29,1
DA:30,1
DA:31,1
DA:35,1
DA:39,1
DA:44,1
DA:46,2
DA:48,6
DA:49,3
DA:50,3
DA:51,4
DA:53,1
DA:57,1
DA:62,1
DA:64,1
DA:65,1
DA:67,1
DA:69,1
DA:70,1
DA:71,2
DA:74,1
DA:75,5
DA:81,1
DA:83,1
DA:85,0
DA:86,0
DA:87,0
DA:88,0
DA:89,0
DA:90,0
DA:91,0
DA:93,0
DA:98,1
LF:40
LH:32
end_of_record
SF:lib\app\presenter\ui\conversion\widgets\to_coin_drop_list.dart
DA:10,2
DA:13,2
DA:17,2
DA:19,4
DA:20,1
DA:21,1
DA:27,1
DA:28,1
DA:29,2
DA:31,2
DA:39,2
DA:40,2
DA:41,2
DA:47,2
DA:50,2
DA:52,2
DA:54,2
DA:56,2
DA:60,2
DA:61,2
DA:62,2
DA:64,1
DA:65,1
DA:67,1
DA:69,1
DA:71,1
DA:72,3
DA:77,1
DA:78,2
DA:79,3
DA:88,2
DA:90,2
DA:92,2
DA:93,2
DA:94,2
DA:95,2
DA:98,8
DA:102,0
DA:103,0
DA:104,0
DA:105,0
DA:106,0
LF:42
LH:37
end_of_record
SF:lib\app\presenter\ui\conversion\view\success_page.dart
DA:9,1
DA:13,1
DA:15,1
DA:17,1
DA:18,2
DA:19,1
DA:20,1
DA:21,1
DA:23,2
DA:24,1
DA:25,1
DA:48,1
DA:49,2
DA:52,1
DA:54,2
LF:15
LH:15
end_of_record
SF:lib\app\presenter\ui\movements\view\movements_page.dart
DA:12,19
DA:16,3
DA:18,6
DA:20,3
DA:21,3
DA:23,3
DA:25,3
DA:26,3
DA:28,3
DA:29,6
DA:33,3
DA:34,3
DA:35,3
DA:36,3
DA:37,3
DA:39,3
DA:45,3
DA:46,6
DA:53,3
LF:19
LH:19
end_of_record
SF:lib\app\presenter\ui\review\view\review_page.dart
DA:15,1
DA:19,1
DA:21,2
DA:23,1
DA:25,3
DA:26,1
DA:34,1
DA:37,1
DA:41,1
DA:43,4
DA:44,4
DA:45,3
DA:46,1
DA:48,1
DA:49,1
DA:54,1
DA:55,2
DA:60,1
DA:61,2
DA:62,4
DA:64,1
DA:65,1
DA:67,1
DA:75,1
DA:76,1
DA:77,1
LF:26
LH:26
end_of_record
SF:lib\app\presenter\ui\details\view\details_page.dart
DA:15,1
DA:16,1
DA:22,1
DA:24,2
DA:25,2
DA:27,3
DA:28,1
DA:29,3
DA:30,1
DA:33,2
DA:34,1
DA:36,1
DA:37,2
DA:39,3
DA:40,1
DA:41,1
DA:46,1
DA:49,3
DA:52,1
DA:55,1
LF:20
LH:20
end_of_record
SF:lib\app\presenter\ui\details\widgets\botton_chart_details.dart
DA:15,1
DA:19,1
DA:24,1
DA:26,1
DA:28,1
DA:29,1
DA:35,1
DA:36,2
DA:37,5
DA:43,1
DA:45,1
DA:46,1
DA:47,5
DA:50,1
DA:51,2
DA:52,2
DA:53,1
DA:54,1
DA:57,2
DA:67,1
DA:69,1
DA:70,4
DA:71,1
DA:74,1
DA:75,1
DA:76,2
DA:79,1
DA:80,8
DA:91,1
DA:92,2
DA:93,5
DA:98,1
DA:99,1
DA:100,1
DA:105,0
DA:106,0
DA:111,0
DA:114,0
DA:115,0
DA:116,0
DA:117,0
DA:120,1
DA:121,2
LF:43
LH:36
end_of_record
SF:lib\app\presenter\ui\details\widgets\line_chart_coin.dart
DA:11,8
DA:14,4
DA:17,2
DA:19,4
DA:20,2
DA:21,2
DA:22,4
DA:23,2
DA:27,6
DA:30,2
DA:31,2
DA:32,2
DA:34,6
DA:38,1
DA:40,3
DA:41,3
DA:43,3
DA:44,3
DA:45,4
DA:50,2
DA:52,2
DA:54,2
DA:56,2
DA:57,2
DA:58,2
DA:59,4
DA:64,2
DA:66,2
DA:67,2
DA:68,2
DA:71,2
DA:72,2
DA:73,2
DA:74,2
DA:75,2
DA:76,2
DA:77,2
DA:78,2
DA:79,2
DA:80,2
DA:86,2
DA:87,2
DA:94,2
DA:95,2
DA:96,2
DA:103,2
DA:104,2
DA:105,2
DA:106,2
DA:107,2
DA:108,2
DA:109,2
LF:52
LH:52
end_of_record
SF:lib\app\presenter\ui\details\widgets\value_chart_row.dart
DA:6,1
DA:10,1
DA:15,1
DA:17,1
DA:19,1
DA:20,1
DA:21,1
DA:22,4
DA:23,1
DA:25,1
DA:26,1
DA:27,1
DA:30,2
LF:13
LH:13
end_of_record
SF:lib\app\presenter\ui\movements\widgets\exchange_list.dart
DA:7,4
DA:10,4
DA:14,1
DA:16,1
DA:19,3
DA:20,1
DA:21,2
DA:23,1
LF:8
LH:8
end_of_record
SF:lib\app\presenter\ui\movements\widgets\movements_details_row.dart
DA:9,2
DA:12,2
DA:16,2
DA:18,12
DA:19,8
DA:20,8
DA:21,2
DA:23,2
DA:31,1
DA:32,1
DA:33,1
DA:37,2
DA:38,2
DA:40,2
DA:42,2
DA:43,2
DA:45,2
DA:46,2
DA:48,6
DA:51,2
DA:53,8
DA:58,2
DA:60,2
DA:61,2
DA:63,8
DA:66,2
DA:68,6
LF:27
LH:27
end_of_record
SF:lib\app\presenter\ui\movements\widgets\info_row.dart
DA:6,2
DA:10,2
DA:15,2
DA:17,2
DA:19,2
DA:20,2
DA:25,2
DA:28,2
DA:29,2
DA:30,2
DA:33,2
DA:34,2
LF:12
LH:12
end_of_record
SF:lib\app\presenter\ui\movements\widgets\modal_body.dart
DA:13,2
DA:16,2
DA:20,2
DA:22,2
DA:23,2
DA:24,2
DA:26,8
DA:27,8
DA:28,2
DA:29,2
DA:30,2
DA:31,2
DA:32,2
DA:34,2
DA:35,4
DA:39,2
DA:40,4
DA:41,2
DA:43,2
DA:44,4
DA:45,6
DA:47,2
DA:49,12
DA:51,8
DA:53,2
DA:55,12
DA:56,8
DA:58,2
DA:59,4
DA:60,4
DA:61,12
DA:62,2
DA:64,2
DA:65,4
DA:66,4
DA:67,12
DA:68,4
DA:71,2
DA:73,2
DA:75,2
DA:76,2
DA:81,1
DA:82,1
DA:84,2
DA:85,4
LF:45
LH:45
end_of_record
SF:lib\app\presenter\ui\portfolio\widgets\page_body.dart
DA:9,3
DA:13,3
DA:15,3
DA:16,3
DA:17,3
DA:19,6
DA:20,3
DA:21,3
DA:23,6
DA:24,3
DA:25,6
DA:26,3
LF:12
LH:12
end_of_record
SF:lib\app\presenter\ui\portfolio\widgets\coin_details.dart
DA:16,4
DA:19,4
DA:23,4
DA:25,8
DA:26,8
DA:27,8
DA:28,4
DA:30,0
DA:31,0
DA:32,0
DA:34,0
DA:35,0
DA:36,0
DA:37,0
DA:38,0
DA:41,4
DA:42,4
DA:44,4
DA:45,4
DA:50,4
DA:52,4
DA:53,4
DA:54,4
DA:56,4
DA:58,12
DA:61,4
DA:63,4
DA:64,4
DA:65,16
DA:66,16
DA:72,12
DA:77,4
DA:79,4
DA:80,4
DA:81,4
DA:82,4
DA:84,16
DA:85,4
DA:87,20
DA:96,4
DA:97,4
DA:98,4
DA:99,4
DA:100,4
DA:102,12
DA:109,16
LF:46
LH:38
end_of_record
SF:lib\app\presenter\ui\portfolio\widgets\wallet_details.dart
DA:12,5
DA:15,4
DA:19,4
DA:21,8
DA:22,4
DA:24,8
DA:25,8
DA:28,4
DA:30,4
DA:32,4
DA:33,4
DA:35,4
DA:36,12
DA:37,4
DA:38,1
DA:39,4
DA:41,4
DA:49,4
DA:51,4
DA:53,4
DA:54,4
DA:57,4
DA:59,12
DA:66,4
DA:67,8
LF:25
LH:25
end_of_record
SF:lib\app\presenter\ui\review\widgets\confirmation_button.dart
DA:13,2
DA:16,2
DA:20,2
DA:22,6
DA:23,6
DA:24,2
DA:27,2
DA:28,2
DA:30,4
DA:31,0
DA:32,0
DA:33,0
DA:34,0
DA:35,0
DA:37,2
DA:39,4
DA:40,6
DA:41,4
DA:44,4
DA:45,2
DA:46,2
DA:47,4
LF:22
LH:17
end_of_record
SF:lib\app\presenter\ui\review\widgets\convert_row.dart
DA:8,1
DA:12,1
DA:17,1
DA:19,1
DA:20,1
DA:26,1
DA:28,1
DA:30,1
DA:31,3
DA:33,5
LF:10
LH:10
end_of_record
SF:lib\app\presenter\ui\review\widgets\exchange_row.dart
DA:7,1
DA:12,1
DA:18,1
DA:20,1
DA:21,1
DA:27,1
DA:30,2
DA:31,3
DA:32,1
DA:33,5
LF:10
LH:10
end_of_record
SF:lib\app\presenter\ui\review\widgets\receive_row.dart
DA:8,1
DA:11,1
DA:15,1
DA:17,1
DA:18,1
DA:24,1
DA:26,1
DA:28,1
DA:29,1
DA:30,2
DA:33,1
DA:34,8
LF:12
LH:12
end_of_record
