SF:lib\app\domain\entities\coins_view_data.dart
DA:12,8
LF:1
LH:1
end_of_record
SF:lib\app\domain\entities\exchange_entity.dart
DA:11,4
LF:1
LH:1
end_of_record
SF:lib\core\app_routes.dart
DA:13,0
DA:14,0
DA:15,0
DA:17,0
DA:18,0
DA:19,0
DA:20,0
DA:21,0
DA:22,0
DA:23,0
DA:24,0
LF:11
LH:0
end_of_record
SF:lib\core\home.dart
DA:15,9
DA:19,0
DA:20,0
DA:26,0
DA:28,0
DA:29,0
DA:30,0
DA:33,0
DA:34,0
DA:35,0
DA:36,0
DA:41,0
DA:43,0
DA:44,0
DA:46,0
DA:47,0
DA:48,0
DA:53,0
DA:54,0
DA:55,0
DA:56,0
DA:57,0
DA:58,0
DA:59,0
DA:63,0
DA:67,0
DA:68,0
DA:71,0
DA:72,0
DA:73,0
DA:74,0
DA:78,0
DA:79,0
DA:83,0
DA:84,0
LF:35
LH:1
end_of_record
SF:lib\l10n\core_strings.dart
DA:63,27
DA:67,6
DA:68,6
DA:308,9
DA:310,9
DA:312,18
DA:315,9
DA:316,27
DA:318,0
DA:322,9
DA:326,9
DA:327,18
DA:328,0
DA:331,0
LF:14
LH:11
end_of_record
SF:lib\app\presenter\ui\movements\view\movements_page.dart
DA:12,19
DA:16,1
DA:18,2
DA:20,1
DA:21,1
DA:22,1
DA:24,1
DA:25,1
DA:27,1
DA:28,2
DA:32,1
DA:33,1
DA:34,1
DA:35,1
DA:36,1
DA:38,1
DA:44,1
DA:45,2
DA:52,1
LF:19
LH:19
end_of_record
SF:lib\app\data\datasources\api\endpoint_provider.dart
DA:6,12
DA:7,6
DA:10,3
LF:3
LH:3
end_of_record
SF:lib\app\data\datasources\api\endpoints\gencko_endpoints.dart
DA:7,3
DA:9,0
DA:10,0
DA:15,0
DA:20,0
DA:26,0
DA:31,0
DA:41,0
DA:45,0
DA:47,0
LF:10
LH:1
end_of_record
SF:lib\app\data\datasources\get_chart_config_datasource.dart
DA:7,0
DA:8,0
DA:9,0
DA:10,0
DA:11,0
DA:14,0
DA:16,0
DA:17,0
DA:18,0
DA:20,0
DA:24,0
DA:27,0
LF:12
LH:0
end_of_record
SF:lib\app\domain\entities\chart_config_entity.dart
DA:10,0
LF:1
LH:0
end_of_record
SF:lib\app\data\models\coin_mapper.dart
DA:5,0
DA:6,0
DA:7,0
DA:8,0
DA:9,0
DA:10,0
DA:11,0
DA:12,0
DA:13,0
DA:15,0
LF:10
LH:0
end_of_record
SF:lib\app\data\models\get_all_coins_response.dart
DA:11,0
DA:13,0
DA:14,0
DA:16,0
LF:4
LH:0
end_of_record
SF:lib\app\data\models\get_all_coins_response.g.dart
DA:9,0
DA:10,0
DA:11,0
DA:12,0
DA:13,0
DA:16,0
DA:18,0
DA:19,0
LF:8
LH:0
end_of_record
SF:lib\app\data\models\coin_response.dart
DA:15,0
DA:24,0
DA:25,0
DA:27,0
LF:4
LH:0
end_of_record
SF:lib\app\data\models\coin_response.g.dart
DA:9,0
DA:10,0
DA:11,0
DA:12,0
DA:13,0
DA:14,0
DA:15,0
DA:18,0
DA:19,0
DA:20,0
DA:21,0
DA:22,0
DA:23,0
DA:24,0
DA:25,0
LF:15
LH:0
end_of_record
SF:lib\app\data\repositories\chart_config_repository_imp.dart
DA:10,0
DA:11,0
DA:13,0
LF:3
LH:0
end_of_record
SF:lib\app\data\repositories\coin_prices_repository_imp.dart
DA:9,3
DA:11,0
DA:14,0
DA:16,0
DA:17,0
DA:19,0
DA:20,0
DA:21,0
LF:8
LH:1
end_of_record
SF:lib\app\data\repositories\coin_repository_imp.dart
DA:9,0
DA:11,0
DA:13,0
DA:14,0
DA:15,0
LF:5
LH:0
end_of_record
SF:lib\app\data\repositories\wallet_repository_imp.dart
DA:11,0
DA:15,0
DA:18,0
DA:20,0
DA:21,0
LF:5
LH:0
end_of_record
SF:lib\app\domain\usecases\convert_coin_usecase.dart
DA:14,0
DA:21,0
DA:23,0
DA:24,0
DA:26,0
DA:30,0
DA:31,0
DA:32,0
LF:8
LH:0
end_of_record
SF:lib\app\domain\usecases\get_all_coins_usecase.dart
DA:12,0
DA:14,0
DA:16,0
DA:18,0
LF:4
LH:0
end_of_record
SF:lib\app\domain\usecases\get_chart_config_usecase.dart
DA:12,0
DA:13,0
DA:15,0
DA:16,0
DA:18,0
DA:19,0
LF:6
LH:0
end_of_record
SF:lib\app\domain\usecases\get_coin_prices_usecase.dart
DA:16,3
DA:17,0
DA:22,0
LF:3
LH:1
end_of_record
SF:lib\app\domain\usecases\get_wallet_usecase.dart
DA:15,0
DA:17,0
DA:20,0
DA:21,0
DA:22,0
DA:23,0
DA:25,0
DA:26,0
DA:27,0
DA:29,0
DA:30,0
DA:31,0
DA:32,0
DA:33,0
DA:34,0
LF:15
LH:0
end_of_record
SF:lib\app\presenter\controllers\notifiers\get_chart_config_notifier.dart
DA:10,0
DA:11,0
DA:13,0
DA:14,0
LF:4
LH:0
end_of_record
SF:lib\app\presenter\controllers\notifiers\get_coin_prices_notifier.dart
DA:8,9
DA:10,0
DA:14,0
LF:3
LH:1
end_of_record
SF:lib\app\presenter\controllers\providers\chart_config_provider.dart
DA:10,0
DA:11,0
DA:14,0
DA:15,0
DA:18,0
DA:19,0
DA:21,0
DA:22,0
DA:23,0
DA:24,0
DA:25,0
LF:11
LH:0
end_of_record
SF:lib\app\presenter\controllers\providers\coin_prices_provider.dart
DA:9,12
DA:10,9
DA:13,12
DA:14,9
DA:17,6
DA:18,6
DA:19,9
LF:7
LH:7
end_of_record
SF:lib\app\presenter\controllers\providers\conversion_provider.dart
DA:8,0
DA:10,0
DA:11,0
DA:14,0
DA:15,0
DA:18,0
DA:19,0
DA:22,0
DA:23,0
DA:28,0
DA:32,0
DA:33,0
DA:34,0
DA:38,3
DA:39,2
LF:15
LH:2
end_of_record
SF:lib\app\presenter\controllers\providers\get_all_coins_provider.dart
DA:8,0
DA:9,0
DA:12,0
DA:13,0
DA:16,0
DA:17,0
DA:18,0
DA:22,0
DA:23,0
DA:25,0
DA:26,0
LF:11
LH:0
end_of_record
SF:lib\app\presenter\controllers\providers\get_coins_wallet_provider.dart
DA:9,0
DA:10,0
DA:12,0
DA:13,0
DA:14,0
DA:15,0
DA:16,0
DA:17,0
DA:18,0
DA:19,0
DA:20,0
DA:24,0
DA:25,0
DA:28,0
DA:29,0
DA:30,0
DA:34,0
DA:35,0
DA:36,0
DA:37,0
LF:20
LH:0
end_of_record
SF:lib\app\presenter\controllers\providers\visible_provider.dart
DA:3,16
LF:1
LH:1
end_of_record
SF:lib\app\presenter\ui\available\view\available_page.dart
DA:12,9
DA:16,0
DA:18,0
DA:20,0
DA:21,0
DA:22,0
DA:23,0
DA:24,0
DA:25,0
DA:26,0
DA:27,0
DA:29,0
DA:30,0
DA:31,0
DA:32,0
DA:33,0
DA:35,0
DA:36,0
DA:37,0
DA:38,0
DA:39,0
DA:41,0
DA:43,0
DA:44,0
DA:45,0
DA:51,0
DA:52,0
DA:55,0
DA:58,0
DA:59,0
DA:62,0
DA:66,0
DA:68,0
DA:71,0
DA:72,0
DA:73,0
DA:74,0
DA:78,0
DA:82,0
DA:84,0
DA:85,0
DA:86,0
DA:87,0
DA:88,0
DA:89,0
DA:107,0
DA:108,0
LF:47
LH:1
end_of_record
SF:lib\app\presenter\ui\shared\custom_app_bar.dart
DA:6,1
DA:9,1
DA:12,0
DA:15,1
DA:17,1
DA:21,2
LF:6
LH:5
end_of_record
SF:lib\app\presenter\ui\shared\formater.dart
DA:3,14
DA:4,7
DA:6,6
LF:3
LH:3
end_of_record
SF:lib\app\presenter\ui\shared\styles.dart
DA:3,4
DA:4,4
DA:6,4
DA:9,0
DA:21,0
LF:5
LH:3
end_of_record
SF:lib\app\presenter\ui\conversion\conversion_page.dart
DA:16,9
DA:20,0
DA:22,0
DA:23,0
DA:25,0
DA:27,0
DA:30,0
DA:31,0
DA:32,0
DA:33,0
DA:34,0
DA:35,0
DA:36,0
DA:39,0
DA:40,0
DA:45,0
DA:46,0
DA:47,0
DA:49,0
DA:50,0
DA:51,0
DA:52,0
DA:53,0
DA:54,0
DA:55,0
DA:57,0
DA:59,0
DA:61,0
DA:62,0
DA:64,0
DA:65,0
DA:72,0
DA:74,0
DA:75,0
DA:76,0
DA:80,0
DA:82,0
DA:83,0
DA:86,0
DA:87,0
DA:88,0
DA:92,0
DA:93,0
DA:94,0
DA:97,0
DA:98,0
DA:108,0
DA:110,0
DA:116,0
LF:49
LH:1
end_of_record
SF:lib\app\presenter\ui\conversion\widgets\amount_form_field.dart
DA:13,0
DA:16,0
DA:20,0
DA:23,0
DA:25,0
DA:26,0
DA:27,0
DA:28,0
DA:29,0
DA:35,0
DA:38,0
DA:39,0
DA:42,0
DA:43,0
DA:47,0
DA:48,0
DA:49,0
DA:50,0
DA:51,0
DA:53,0
DA:54,0
DA:56,0
DA:58,0
DA:59,0
DA:64,0
DA:65,0
DA:66,0
DA:67,0
DA:68,0
DA:74,0
DA:75,0
DA:76,0
LF:32
LH:0
end_of_record
SF:lib\app\presenter\ui\conversion\widgets\exchange_botton_sheet.dart
DA:13,0
DA:20,0
DA:28,0
DA:30,0
DA:34,0
DA:39,0
DA:41,0
DA:42,0
DA:44,0
DA:46,0
DA:47,0
DA:48,0
DA:51,0
DA:52,0
DA:58,0
DA:60,0
DA:61,0
DA:62,0
DA:63,0
DA:65,0
DA:66,0
DA:67,0
DA:68,0
DA:69,0
DA:70,0
DA:74,0
DA:76,0
LF:27
LH:0
end_of_record
SF:lib\app\presenter\ui\conversion\widgets\to_coin_drop_list.dart
DA:9,0
DA:12,0
DA:16,0
DA:19,0
DA:27,0
DA:28,0
DA:29,0
DA:35,0
DA:38,0
DA:39,0
DA:41,0
DA:43,0
DA:47,0
DA:48,0
DA:49,0
DA:51,0
DA:52,0
DA:54,0
DA:56,0
DA:57,0
DA:58,0
DA:59,0
DA:62,0
DA:63,0
DA:72,0
DA:74,0
DA:76,0
DA:77,0
DA:78,0
DA:79,0
DA:82,0
DA:86,0
DA:87,0
DA:88,0
DA:89,0
DA:90,0
LF:36
LH:0
end_of_record
SF:lib\app\presenter\ui\conversion\success_page.dart
DA:8,9
DA:12,0
DA:14,0
DA:16,0
DA:17,0
DA:18,0
DA:19,0
DA:20,0
DA:21,0
DA:22,0
DA:45,0
DA:46,0
DA:49,0
DA:50,0
LF:14
LH:1
end_of_record
SF:lib\app\presenter\ui\review\view\review_page.dart
DA:14,9
DA:18,0
DA:21,0
DA:23,0
DA:24,0
DA:25,0
DA:26,0
DA:27,0
DA:29,0
DA:31,0
DA:32,0
DA:34,0
DA:35,0
DA:40,0
DA:41,0
DA:46,0
DA:47,0
DA:48,0
DA:50,0
DA:53,0
DA:61,0
DA:62,0
LF:22
LH:1
end_of_record
SF:lib\app\presenter\ui\details\view\details_page.dart
DA:15,9
DA:18,0
DA:21,0
DA:22,0
DA:24,0
DA:25,0
DA:26,0
DA:27,0
DA:28,0
DA:30,0
DA:31,0
DA:33,0
DA:34,0
DA:36,0
DA:37,0
DA:38,0
DA:43,0
DA:46,0
DA:49,0
DA:50,0
LF:20
LH:1
end_of_record
SF:lib\app\presenter\ui\portfolio\widgets\coin_details.dart
DA:14,3
DA:17,3
DA:21,3
DA:23,6
DA:24,6
DA:25,3
DA:27,0
DA:28,0
DA:30,0
DA:31,0
DA:32,0
DA:33,0
DA:35,3
DA:36,3
DA:38,3
DA:39,3
DA:44,3
DA:46,3
DA:47,3
DA:48,3
DA:50,3
DA:52,9
DA:55,3
DA:57,3
DA:58,3
DA:59,12
DA:60,12
DA:66,9
DA:71,3
DA:73,3
DA:74,3
DA:75,3
DA:76,3
DA:78,12
DA:79,3
DA:81,15
DA:90,3
DA:91,3
DA:92,3
DA:93,3
DA:94,3
DA:96,9
DA:103,12
LF:43
LH:37
end_of_record
SF:lib\app\presenter\ui\details\widgets\botton_chart_details.dart
DA:15,0
DA:19,0
DA:24,0
DA:26,0
DA:28,0
DA:29,0
DA:35,0
DA:36,0
DA:37,0
DA:43,0
DA:45,0
DA:46,0
DA:47,0
DA:50,0
DA:51,0
DA:52,0
DA:53,0
DA:54,0
DA:57,0
DA:67,0
DA:69,0
DA:70,0
DA:71,0
DA:74,0
DA:75,0
DA:84,0
DA:85,0
DA:86,0
DA:91,0
DA:92,0
DA:93,0
DA:98,0
DA:99,0
DA:104,0
DA:107,0
DA:108,0
DA:109,0
DA:110,0
DA:112,0
DA:113,0
LF:40
LH:0
end_of_record
SF:lib\app\presenter\ui\details\widgets\line_chart_coin.dart
DA:12,0
DA:15,0
DA:18,0
DA:20,0
DA:21,0
DA:22,0
DA:26,0
DA:29,0
DA:30,0
DA:31,0
DA:33,0
DA:37,0
DA:39,0
DA:40,0
DA:42,0
DA:43,0
DA:44,0
DA:49,0
DA:51,0
DA:53,0
DA:55,0
DA:56,0
DA:57,0
DA:58,0
DA:63,0
DA:65,0
DA:66,0
DA:67,0
DA:68,0
DA:69,0
DA:70,0
DA:71,0
DA:75,0
DA:79,0
DA:82,0
DA:83,0
DA:84,0
DA:85,0
DA:86,0
DA:93,0
DA:96,0
DA:98,0
DA:99,0
DA:100,0
DA:101,0
DA:102,0
DA:103,0
DA:104,0
DA:105,0
DA:106,0
DA:107,0
DA:113,0
DA:114,0
DA:121,0
DA:122,0
DA:123,0
DA:134,0
DA:135,0
DA:136,0
DA:137,0
DA:138,0
DA:139,0
DA:140,0
LF:63
LH:0
end_of_record
SF:lib\app\presenter\ui\details\widgets\value_chart_row.dart
DA:6,0
DA:10,0
DA:15,0
DA:17,0
DA:19,0
DA:20,0
DA:21,0
DA:24,0
LF:8
LH:0
end_of_record
SF:lib\app\presenter\ui\movements\widgets\exchange_list.dart
DA:7,2
DA:10,2
DA:14,1
DA:16,1
DA:19,3
DA:20,1
DA:21,2
DA:23,1
LF:8
LH:8
end_of_record
SF:lib\app\presenter\ui\movements\widgets\movements_details_row.dart
DA:9,2
DA:12,2
DA:16,2
DA:18,12
DA:19,8
DA:20,8
DA:21,2
DA:23,2
DA:31,1
DA:32,1
DA:33,1
DA:37,2
DA:38,2
DA:40,2
DA:42,2
DA:43,2
DA:45,2
DA:46,2
DA:48,6
DA:51,2
DA:53,8
DA:58,2
DA:60,2
DA:61,2
DA:63,8
DA:66,2
DA:68,6
LF:27
LH:27
end_of_record
SF:lib\app\presenter\ui\movements\widgets\info_row.dart
DA:6,2
DA:10,2
DA:15,2
DA:17,2
DA:19,2
DA:20,2
DA:25,2
DA:28,2
DA:29,2
DA:30,2
DA:33,2
DA:34,2
LF:12
LH:12
end_of_record
SF:lib\app\presenter\ui\movements\widgets\modal_body.dart
DA:13,2
DA:16,2
DA:20,2
DA:22,2
DA:23,2
DA:24,2
DA:26,8
DA:27,8
DA:28,2
DA:29,2
DA:30,2
DA:31,2
DA:32,2
DA:34,2
DA:35,4
DA:39,2
DA:40,4
DA:41,2
DA:43,2
DA:44,4
DA:45,6
DA:47,2
DA:49,12
DA:51,8
DA:53,2
DA:55,12
DA:56,8
DA:58,2
DA:59,4
DA:60,4
DA:61,12
DA:62,2
DA:64,2
DA:65,4
DA:66,4
DA:67,12
DA:68,4
DA:71,2
DA:73,2
DA:75,2
DA:76,2
DA:81,1
DA:82,1
DA:84,2
DA:85,4
LF:45
LH:45
end_of_record
SF:lib\app\presenter\ui\portfolio\view\portfolio_page.dart
DA:9,2
DA:14,1
DA:16,1
DA:17,2
LF:4
LH:4
end_of_record
SF:lib\app\presenter\ui\portfolio\widgets\page_body.dart
DA:9,2
DA:13,2
DA:15,2
DA:16,2
DA:17,2
DA:19,4
DA:20,2
DA:21,2
DA:23,4
DA:24,2
DA:25,4
DA:26,2
LF:12
LH:12
end_of_record
SF:lib\app\presenter\ui\portfolio\widgets\wallet_details.dart
DA:12,3
DA:15,3
DA:19,3
DA:21,6
DA:22,3
DA:24,6
DA:25,6
DA:28,3
DA:30,3
DA:32,3
DA:33,3
DA:35,3
DA:36,9
DA:37,3
DA:38,1
DA:39,4
DA:41,3
DA:49,3
DA:51,3
DA:53,3
DA:54,3
DA:57,3
DA:59,9
DA:66,3
DA:67,6
LF:25
LH:25
end_of_record
SF:lib\app\presenter\ui\review\widgets\confirmation_button.dart
DA:11,0
DA:16,0
DA:22,0
DA:24,0
DA:26,0
DA:27,0
DA:29,0
DA:30,0
DA:31,0
DA:32,0
DA:33,0
DA:34,0
DA:36,0
DA:38,0
DA:39,0
DA:40,0
DA:43,0
DA:44,0
DA:45,0
DA:46,0
LF:20
LH:0
end_of_record
SF:lib\app\presenter\ui\review\widgets\convert_row.dart
DA:8,0
DA:12,0
DA:17,0
DA:19,0
DA:20,0
DA:26,0
DA:28,0
DA:30,0
DA:31,0
DA:33,0
LF:10
LH:0
end_of_record
SF:lib\app\presenter\ui\review\widgets\exchange_row.dart
DA:7,0
DA:12,0
DA:18,0
DA:20,0
DA:21,0
DA:27,0
DA:30,0
DA:31,0
DA:32,0
DA:33,0
LF:10
LH:0
end_of_record
SF:lib\app\presenter\ui\review\widgets\receive_row.dart
DA:8,0
DA:11,0
DA:15,0
DA:17,0
DA:18,0
DA:24,0
DA:26,0
DA:28,0
DA:29,0
DA:30,0
DA:33,0
DA:34,0
LF:12
LH:0
end_of_record
SF:lib\l10n\core_strings_en.dart
DA:5,18
DA:7,3
DA:10,3
DA:13,0
DA:16,0
DA:19,1
DA:22,0
DA:25,1
DA:28,0
DA:31,0
DA:34,0
DA:37,0
DA:40,0
DA:43,0
DA:46,0
DA:49,0
DA:52,0
DA:55,0
DA:58,0
DA:61,0
DA:64,0
DA:67,0
DA:70,0
DA:73,0
DA:76,0
DA:79,0
DA:82,0
DA:85,0
DA:88,2
DA:91,2
DA:94,2
DA:97,2
DA:100,2
DA:103,2
DA:106,2
DA:109,2
LF:36
LH:13
end_of_record
SF:lib\l10n\core_strings_pt.dart
DA:5,0
DA:7,0
DA:10,0
DA:13,0
DA:16,0
DA:19,0
DA:22,0
DA:25,0
DA:28,0
DA:31,0
DA:34,0
DA:37,0
DA:40,0
DA:43,0
DA:46,0
DA:49,0
DA:52,0
DA:55,0
DA:58,0
DA:61,0
DA:64,0
DA:67,0
DA:70,0
DA:73,0
DA:76,0
DA:79,0
DA:82,0
DA:85,0
DA:88,0
DA:91,0
DA:94,0
DA:97,0
DA:100,0
DA:103,0
DA:106,0
DA:109,0
LF:36
LH:0
end_of_record
